Flutter crash report.
Please report a bug at https://github.com/flutter/flutter/issues.

## command

flutter run --machine --start-paused -d CC935EAC-E387-419A-8D9B-7C56CF85EDB1 --devtools-server-address http://127.0.0.1:9100/ --target /Users/jerrychen/Desktop/dev/ebbnflow/lib/main.dart

## exception

ShaderCompilerException: ShaderCompilerException: The impellerc utility is missing at "/Users/jerrychen/Desktop/dev/flutter/bin/cache/artifacts/engine/darwin-x64/impellerc". Run "flutter doctor".



```
#0      ShaderCompiler.compileShader (package:flutter_tools/src/build_system/targets/shader_compiler.dart:171:7)
#1      DevelopmentShaderCompiler.recompileShader (package:flutter_tools/src/build_system/targets/shader_compiler.dart:104:50)
<asynchronous suspension>
#2      DevFS.update.<anonymous closure>.<anonymous closure> (package:flutter_tools/src/devfs.dart:642:26)
<asynchronous suspension>
```

## flutter doctor

```
[☠] Flutter (the doctor check crashed)
    ✗ Due to an error, the doctor check did not complete. If the error message below is not helpful, please let us know about this issue at https://github.com/flutter/flutter/issues.
    ✗ Exception: Could not find directory at /Users/jerrychen/Desktop/dev/flutter/bin/cache/dart-sdk/bin/resources/devtools
    • #0      Cache.devToolsVersion (package:flutter_tools/src/cache.dart:386:9)
      #1      _DefaultDoctorValidatorsProvider.validators.<anonymous closure> (package:flutter_tools/src/doctor.dart:127:46)
      #2      FlutterValidator.validate (package:flutter_tools/src/doctor.dart:530:84)
      #3      Doctor.startValidatorTasks.<anonymous closure> (package:flutter_tools/src/doctor.dart:258:72)
      #4      asyncGuard.<anonymous closure> (package:flutter_tools/src/base/async_guard.dart:111:32)
      #5      _rootRun (dart:async/zone.dart:1399:13)
      #6      _CustomZone.run (dart:async/zone.dart:1301:19)
      #7      _runZoned (dart:async/zone.dart:1804:10)
      #8      runZonedGuarded (dart:async/zone.dart:1792:12)
      #9      runZoned (dart:async/zone.dart:1744:12)
      #10     asyncGuard (package:flutter_tools/src/base/async_guard.dart:109:3)
      #11     Doctor.startValidatorTasks (package:flutter_tools/src/doctor.dart:250:9)
      #12     DoctorText._validatorTasks (package:flutter_tools/src/doctor.dart:741:60)
      #13     DoctorText._validatorTasks (package:flutter_tools/src/doctor.dart)
      #14     DoctorText._runDiagnosis (package:flutter_tools/src/doctor.dart:745:53)
      #15     DoctorText.text (package:flutter_tools/src/doctor.dart:737:36)
      #16     DoctorText.text (package:flutter_tools/src/doctor.dart)
      #17     _createLocalCrashReport (package:flutter_tools/runner.dart:254:51)
      #18     _handleToolError (package:flutter_tools/runner.dart:216:31)
      <asynchronous suspension>
      #19     run.<anonymous closure>.<anonymous closure> (package:flutter_tools/runner.dart:135:7)
      <asynchronous suspension>


[✓] Android toolchain - develop for Android devices (Android SDK version 33.0.1)
    • Android SDK at /Users/jerrychen/Library/Android/sdk
    • Platform android-33, build-tools 33.0.1
    • Java binary at: /Applications/Android Studio.app/Contents/jbr/Contents/Home/bin/java
    • Java version OpenJDK Runtime Environment (build 17.0.6+0-17.0.6b829.9-10027231)
    • All Android licenses accepted.

[✓] Xcode - develop for iOS and macOS (Xcode 15.1)
    • Xcode at /Applications/Xcode.app/Contents/Developer
    • Build 15C65
    • CocoaPods version 1.14.2

[✓] Chrome - develop for the web
    • Chrome at /Applications/Google Chrome.app/Contents/MacOS/Google Chrome

[✓] Android Studio (version 2022.3)
    • Android Studio at /Applications/Android Studio.app/Contents
    • Flutter plugin can be installed from:
      🔨 https://plugins.jetbrains.com/plugin/9212-flutter
    • Dart plugin can be installed from:
      🔨 https://plugins.jetbrains.com/plugin/6351-dart
    • Java version OpenJDK Runtime Environment (build 17.0.6+0-17.0.6b829.9-10027231)

[✓] IntelliJ IDEA Community Edition (version 2021.2.3)
    • IntelliJ at /Applications/IntelliJ IDEA CE.app
    • Flutter plugin can be installed from:
      🔨 https://plugins.jetbrains.com/plugin/9212-flutter
    • Dart plugin can be installed from:
      🔨 https://plugins.jetbrains.com/plugin/6351-dart

[✓] VS Code (version 1.85.0)
    • VS Code at /Users/jerrychen/Downloads/Visual Studio Code.app/Contents
    • Flutter extension version 3.80.0

[✓] Connected device (3 available)
    • iPhone 13 Pro (mobile) • CC935EAC-E387-419A-8D9B-7C56CF85EDB1 • ios            • com.apple.CoreSimulator.SimRuntime.iOS-17-2 (simulator)
    • macOS (desktop)        • macos                                • darwin-arm64   • macOS 14.1.2 23B2091 darwin-arm64 (Rosetta)
    • Chrome (web)           • chrome                               • web-javascript • Google Chrome 120.0.6099.129

[✓] Network resources
    • All expected network resources are available.

! Doctor found issues in 1 category.
```
